Building DAG of jobs...
Using shell: /usr/bin/bash
Provided cores: 1
Rules claiming more threads will be scaled down.
Job counts:
	count	jobs
	1	all
	2	fastqc_raw
	3

[Tue Nov 26 10:08:59 2019]
rule fastqc_raw:
    input: 0_rawData/fastq/VT211_HG2W3DSXX_GATTCTGC-GACGAGAG_L001_R2.fastq.gz
    output: 0_rawData/FastQC/VT211_HG2W3DSXX_GATTCTGC-GACGAGAG_L001_R2_fastqc.zip, 0_rawData/FastQC/VT211_HG2W3DSXX_GATTCTGC-GACGAGAG_L001_R2_fastqc.html
    jobid: 2
    benchmark: 0_rawData/FastQC/VT211_HG2W3DSXX_GATTCTGC-GACGAGAG_L001_R2.txt
    wildcards: prefix=VT211_HG2W3DSXX_GATTCTGC-GACGAGAG_L001_R2

[Tue Nov 26 10:09:00 2019]
Error in rule fastqc_raw:
    jobid: 2
    output: 0_rawData/FastQC/VT211_HG2W3DSXX_GATTCTGC-GACGAGAG_L001_R2_fastqc.zip, 0_rawData/FastQC/VT211_HG2W3DSXX_GATTCTGC-GACGAGAG_L001_R2_fastqc.html
    shell:
        
		fastqc --threads 1 0_rawData/fastq/VT211_HG2W3DSXX_GATTCTGC-GACGAGAG_L001_R2.fastq.gz
		
        (one of the commands exited with non-zero exit code; note that snakemake uses bash strict mode!)

Shutting down, this might take some time.
Exiting because a job execution failed. Look above for error message
Complete log: /fast/users/a1761942/snakes/.snakemake/log/2019-11-26T100859.789601.snakemake.log
