Building DAG of jobs...
Using shell: /usr/bin/bash
Provided cores: 1
Rules claiming more threads will be scaled down.
Job counts:
	count	jobs
	2	fastqc_raw
	2

[Tue Nov 26 20:17:15 2019]
rule fastqc_raw:
    input: 0_rawData/fastq/sample2.fastq.gz
    output: 0_rawData/FastQC/sample2_fastqc.zip, 0_rawData/FastQC/sample2_fastqc.html
    jobid: 1
    wildcards: prefix=sample2
    resources: time_mins=90

Waiting at most 5 seconds for missing files.
MissingOutputException in line 29 of /fast/users/a1761942/snakes/Snakefile:
Missing files after 5 seconds:
0_rawData/FastQC/sample2_fastqc.zip
0_rawData/FastQC/sample2_fastqc.html
This might be due to filesystem latency. If that is the case, consider to increase the wait time with --latency-wait.
Shutting down, this might take some time.
Exiting because a job execution failed. Look above for error message
Complete log: /fast/users/a1761942/snakes/.snakemake/log/2019-11-26T201715.175854.snakemake.log
